<?xml version="1.0" encoding="UTF-8"?>
<testsuite name="Simulacion en la pagina de Falabella consulta y pago de productos" tests="1" skipped="0" failures="0" errors="0" timestamp="2022-06-03T22:46:25" hostname="CHMEP220RQ93" time="80.798">
  <properties/>
  <testcase name="Simular la compra de un producto" classname="Simulacion en la pagina de Falabella consulta y pago de productos" time="80.798"/>
  <system-out><![CDATA[Mensaje capturado en la validacion: INGRESAR TU ORDEN
]]></system-out>
  <system-err><![CDATA[[Test worker] WARN net.thucydides.core.steps.BaseStepListener - stepStarted: net.thucydides.core.steps.ExecutedStepDescription@651e5582
[Test worker] WARN net.thucydides.core.steps.BaseStepListener - stepStarted: net.thucydides.core.steps.ExecutedStepDescription@6a1fe3b5
[Test worker] WARN net.thucydides.core.steps.BaseStepListener - stepStarted: net.thucydides.core.steps.ExecutedStepDescription@1d7061ef
jun 03, 2022 5:46:26 PM org.openqa.selenium.remote.DesiredCapabilities chrome
INFORMACIÓN: Using `new ChromeOptions()` is preferred to `DesiredCapabilities.chrome()`
[Test worker] INFO net.serenitybdd.core.webdriver.driverproviders.ProvideNewDriver - Instantiating driver
[Test worker] INFO net.serenitybdd.core.webdriver.driverproviders.ProvideNewDriver - Driver capabilities: Capabilities {acceptInsecureCerts: false, browserName: chrome, chrome.switches: --start-maximized, goog:chromeOptions: {args: [--start-maximized], extensions: []}, loggingPrefs: org.openqa.selenium.logging..., platform: ANY, version: }
Starting ChromeDriver 102.0.5005.61 (0e59bcc00cc4985ce39ad31c150065f159d95ad3-refs/branch-heads/5005@{#819}) on port 22561
Only local connections are allowed.
Please see https://chromedriver.chromium.org/security-considerations for suggestions on keeping ChromeDriver safe.
ChromeDriver was started successfully.
jun 03, 2022 5:46:32 PM org.openqa.selenium.remote.ProtocolHandshake createSession
INFORMACIÓN: Detected dialect: W3C
[Test worker] WARN net.thucydides.core.steps.BaseStepListener - stepFinished: current outcome:Simular la compra de un producto:Dado que estoy en la pagina falabella [Harold abrir pagina falabella [Harold opens the Falabella page]]
[Test worker] WARN net.thucydides.core.steps.BaseStepListener - stepFinished: current outcome:Simular la compra de un producto:Dado que estoy en la pagina falabella [Harold abrir pagina falabella [Harold opens the Falabella page]]
[Test worker] WARN net.thucydides.core.steps.BaseStepListener - stepFinished: current outcome:Simular la compra de un producto:Dado que estoy en la pagina falabella [Harold abrir pagina falabella [Harold opens the Falabella page]]
[Test worker] WARN net.thucydides.core.steps.BaseStepListener - stepStarted: net.thucydides.core.steps.ExecutedStepDescription@5a626fd8
[Test worker] WARN net.thucydides.core.steps.BaseStepListener - stepStarted: net.thucydides.core.steps.ExecutedStepDescription@b5f3355
[Test worker] WARN net.thucydides.core.steps.BaseStepListener - stepStarted: net.thucydides.core.steps.ExecutedStepDescription@6cbf5f51
[Test worker] WARN net.thucydides.core.steps.BaseStepListener - stepFinished: current outcome:Simular la compra de un producto:Dado que estoy en la pagina falabella [Harold abrir pagina falabella [Harold opens the Falabella page]], Cuando selecciono una categoria y subcategoria [Harold seleccionar [Harold clicks on Selecciona el boton Categorias]]
[Test worker] WARN net.thucydides.core.steps.BaseStepListener - stepStarted: net.thucydides.core.steps.ExecutedStepDescription@34c8bc0f
[Test worker] WARN net.thucydides.core.steps.BaseStepListener - stepFinished: current outcome:Simular la compra de un producto:Dado que estoy en la pagina falabella [Harold abrir pagina falabella [Harold opens the Falabella page]], Cuando selecciono una categoria y subcategoria [Harold seleccionar [Harold clicks on Selecciona el boton Categorias, Harold clicks on Selecciona el boton SubCategorias]]
[Test worker] WARN net.thucydides.core.steps.BaseStepListener - stepStarted: net.thucydides.core.steps.ExecutedStepDescription@119cca1e
[Test worker] WARN net.thucydides.core.steps.BaseStepListener - stepFinished: current outcome:Simular la compra de un producto:Dado que estoy en la pagina falabella [Harold abrir pagina falabella [Harold opens the Falabella page]], Cuando selecciono una categoria y subcategoria [Harold seleccionar [Harold clicks on Selecciona el boton Categorias, Harold clicks on Selecciona el boton SubCategorias, Harold clicks on Selecciona el boton del menu de SubCategorias]]
[Test worker] WARN net.thucydides.core.steps.BaseStepListener - stepFinished: current outcome:Simular la compra de un producto:Dado que estoy en la pagina falabella [Harold abrir pagina falabella [Harold opens the Falabella page]], Cuando selecciono una categoria y subcategoria [Harold seleccionar [Harold clicks on Selecciona el boton Categorias, Harold clicks on Selecciona el boton SubCategorias, Harold clicks on Selecciona el boton del menu de SubCategorias]]
[Test worker] WARN net.thucydides.core.steps.BaseStepListener - stepFinished: current outcome:Simular la compra de un producto:Dado que estoy en la pagina falabella [Harold abrir pagina falabella [Harold opens the Falabella page]], Cuando selecciono una categoria y subcategoria [Harold seleccionar [Harold clicks on Selecciona el boton Categorias, Harold clicks on Selecciona el boton SubCategorias, Harold clicks on Selecciona el boton del menu de SubCategorias]]
[Test worker] WARN net.thucydides.core.steps.BaseStepListener - stepStarted: net.thucydides.core.steps.ExecutedStepDescription@5bcd7d1e
[Test worker] WARN net.thucydides.core.steps.BaseStepListener - stepStarted: net.thucydides.core.steps.ExecutedStepDescription@7f4835b8
[Test worker] WARN net.thucydides.core.steps.BaseStepListener - stepStarted: net.thucydides.core.steps.ExecutedStepDescription@7f2bf785
[Test worker] WARN net.thucydides.core.steps.BaseStepListener - stepFinished: current outcome:Simular la compra de un producto:Dado que estoy en la pagina falabella [Harold abrir pagina falabella [Harold opens the Falabella page]], Cuando selecciono una categoria y subcategoria [Harold seleccionar [Harold clicks on Selecciona el boton Categorias, Harold clicks on Selecciona el boton SubCategorias, Harold clicks on Selecciona el boton del menu de SubCategorias]], Y selecciono un producto de esa categoria [Harold escoger [Harold clicks on Selecciona el producto]]
[Test worker] WARN net.thucydides.core.steps.BaseStepListener - stepStarted: net.thucydides.core.steps.ExecutedStepDescription@6f235570
[Test worker] WARN net.thucydides.core.steps.BaseStepListener - stepFinished: current outcome:Simular la compra de un producto:Dado que estoy en la pagina falabella [Harold abrir pagina falabella [Harold opens the Falabella page]], Cuando selecciono una categoria y subcategoria [Harold seleccionar [Harold clicks on Selecciona el boton Categorias, Harold clicks on Selecciona el boton SubCategorias, Harold clicks on Selecciona el boton del menu de SubCategorias]], Y selecciono un producto de esa categoria [Harold escoger [Harold clicks on Selecciona el producto, Harold clicks on Selecciona el boton agregar a la bolsa]]
[Test worker] WARN net.thucydides.core.steps.BaseStepListener - stepStarted: net.thucydides.core.steps.ExecutedStepDescription@75895218
[Test worker] WARN net.thucydides.core.steps.BaseStepListener - stepFinished: current outcome:Simular la compra de un producto:Dado que estoy en la pagina falabella [Harold abrir pagina falabella [Harold opens the Falabella page]], Cuando selecciono una categoria y subcategoria [Harold seleccionar [Harold clicks on Selecciona el boton Categorias, Harold clicks on Selecciona el boton SubCategorias, Harold clicks on Selecciona el boton del menu de SubCategorias]], Y selecciono un producto de esa categoria [Harold escoger [Harold clicks on Selecciona el producto, Harold clicks on Selecciona el boton agregar a la bolsa, Harold clicks on Selecciona el boton bolsa de compra]]
[Test worker] WARN net.thucydides.core.steps.BaseStepListener - stepStarted: net.thucydides.core.steps.ExecutedStepDescription@4067ca95
[Test worker] WARN net.thucydides.core.steps.BaseStepListener - stepFinished: current outcome:Simular la compra de un producto:Dado que estoy en la pagina falabella [Harold abrir pagina falabella [Harold opens the Falabella page]], Cuando selecciono una categoria y subcategoria [Harold seleccionar [Harold clicks on Selecciona el boton Categorias, Harold clicks on Selecciona el boton SubCategorias, Harold clicks on Selecciona el boton del menu de SubCategorias]], Y selecciono un producto de esa categoria [Harold escoger [Harold clicks on Selecciona el producto, Harold clicks on Selecciona el boton agregar a la bolsa, Harold clicks on Selecciona el boton bolsa de compra, Harold clicks on Selecciona el boton ir a comprar]]
[Test worker] WARN net.thucydides.core.steps.BaseStepListener - stepFinished: current outcome:Simular la compra de un producto:Dado que estoy en la pagina falabella [Harold abrir pagina falabella [Harold opens the Falabella page]], Cuando selecciono una categoria y subcategoria [Harold seleccionar [Harold clicks on Selecciona el boton Categorias, Harold clicks on Selecciona el boton SubCategorias, Harold clicks on Selecciona el boton del menu de SubCategorias]], Y selecciono un producto de esa categoria [Harold escoger [Harold clicks on Selecciona el producto, Harold clicks on Selecciona el boton agregar a la bolsa, Harold clicks on Selecciona el boton bolsa de compra, Harold clicks on Selecciona el boton ir a comprar]]
[Test worker] WARN net.thucydides.core.steps.BaseStepListener - stepFinished: current outcome:Simular la compra de un producto:Dado que estoy en la pagina falabella [Harold abrir pagina falabella [Harold opens the Falabella page]], Cuando selecciono una categoria y subcategoria [Harold seleccionar [Harold clicks on Selecciona el boton Categorias, Harold clicks on Selecciona el boton SubCategorias, Harold clicks on Selecciona el boton del menu de SubCategorias]], Y selecciono un producto de esa categoria [Harold escoger [Harold clicks on Selecciona el producto, Harold clicks on Selecciona el boton agregar a la bolsa, Harold clicks on Selecciona el boton bolsa de compra, Harold clicks on Selecciona el boton ir a comprar]]
[Test worker] WARN net.thucydides.core.steps.BaseStepListener - stepStarted: net.thucydides.core.steps.ExecutedStepDescription@35c352c0
[Test worker] WARN net.thucydides.core.steps.BaseStepListener - stepStarted: net.thucydides.core.steps.ExecutedStepDescription@27fd5446
[Test worker] WARN net.thucydides.core.steps.BaseStepListener - stepStarted: net.thucydides.core.steps.ExecutedStepDescription@507e4b43
[Test worker] WARN net.thucydides.core.steps.BaseStepListener - stepFinished: current outcome:Simular la compra de un producto:Dado que estoy en la pagina falabella [Harold abrir pagina falabella [Harold opens the Falabella page]], Cuando selecciono una categoria y subcategoria [Harold seleccionar [Harold clicks on Selecciona el boton Categorias, Harold clicks on Selecciona el boton SubCategorias, Harold clicks on Selecciona el boton del menu de SubCategorias]], Y selecciono un producto de esa categoria [Harold escoger [Harold clicks on Selecciona el producto, Harold clicks on Selecciona el boton agregar a la bolsa, Harold clicks on Selecciona el boton bolsa de compra, Harold clicks on Selecciona el boton ir a comprar]], Y diligencio los formularios opciones de despacho
| direccion | barrio |
| Cra 36 # 34 - 89 | Buenos Aires | [Harold diligenciar [Harold clicks on Selecciona el boton REGION]]
[Test worker] WARN net.thucydides.core.steps.BaseStepListener - stepStarted: net.thucydides.core.steps.ExecutedStepDescription@646fe64f
[Test worker] WARN net.thucydides.core.steps.BaseStepListener - stepFinished: current outcome:Simular la compra de un producto:Dado que estoy en la pagina falabella [Harold abrir pagina falabella [Harold opens the Falabella page]], Cuando selecciono una categoria y subcategoria [Harold seleccionar [Harold clicks on Selecciona el boton Categorias, Harold clicks on Selecciona el boton SubCategorias, Harold clicks on Selecciona el boton del menu de SubCategorias]], Y selecciono un producto de esa categoria [Harold escoger [Harold clicks on Selecciona el producto, Harold clicks on Selecciona el boton agregar a la bolsa, Harold clicks on Selecciona el boton bolsa de compra, Harold clicks on Selecciona el boton ir a comprar]], Y diligencio los formularios opciones de despacho
| direccion | barrio |
| Cra 36 # 34 - 89 | Buenos Aires | [Harold diligenciar [Harold clicks on Selecciona el boton REGION, Harold clicks on Selecciona el departamento]]
[Test worker] WARN net.thucydides.core.steps.BaseStepListener - stepStarted: net.thucydides.core.steps.ExecutedStepDescription@6b2134c0
[Test worker] WARN net.thucydides.core.steps.BaseStepListener - stepFinished: current outcome:Simular la compra de un producto:Dado que estoy en la pagina falabella [Harold abrir pagina falabella [Harold opens the Falabella page]], Cuando selecciono una categoria y subcategoria [Harold seleccionar [Harold clicks on Selecciona el boton Categorias, Harold clicks on Selecciona el boton SubCategorias, Harold clicks on Selecciona el boton del menu de SubCategorias]], Y selecciono un producto de esa categoria [Harold escoger [Harold clicks on Selecciona el producto, Harold clicks on Selecciona el boton agregar a la bolsa, Harold clicks on Selecciona el boton bolsa de compra, Harold clicks on Selecciona el boton ir a comprar]], Y diligencio los formularios opciones de despacho
| direccion | barrio |
| Cra 36 # 34 - 89 | Buenos Aires | [Harold diligenciar [Harold clicks on Selecciona el boton REGION, Harold clicks on Selecciona el departamento, Harold clicks on Selecciona el boton ciudad]]
[Test worker] WARN net.thucydides.core.steps.BaseStepListener - stepStarted: net.thucydides.core.steps.ExecutedStepDescription@78a0cbc6
[Test worker] WARN net.thucydides.core.steps.BaseStepListener - stepFinished: current outcome:Simular la compra de un producto:Dado que estoy en la pagina falabella [Harold abrir pagina falabella [Harold opens the Falabella page]], Cuando selecciono una categoria y subcategoria [Harold seleccionar [Harold clicks on Selecciona el boton Categorias, Harold clicks on Selecciona el boton SubCategorias, Harold clicks on Selecciona el boton del menu de SubCategorias]], Y selecciono un producto de esa categoria [Harold escoger [Harold clicks on Selecciona el producto, Harold clicks on Selecciona el boton agregar a la bolsa, Harold clicks on Selecciona el boton bolsa de compra, Harold clicks on Selecciona el boton ir a comprar]], Y diligencio los formularios opciones de despacho
| direccion | barrio |
| Cra 36 # 34 - 89 | Buenos Aires | [Harold diligenciar [Harold clicks on Selecciona el boton REGION, Harold clicks on Selecciona el departamento, Harold clicks on Selecciona el boton ciudad, Harold clicks on Selecciona la ciudad]]
[Test worker] WARN net.thucydides.core.steps.BaseStepListener - stepStarted: net.thucydides.core.steps.ExecutedStepDescription@11fde182
[Test worker] WARN net.thucydides.core.steps.BaseStepListener - stepFinished: current outcome:Simular la compra de un producto:Dado que estoy en la pagina falabella [Harold abrir pagina falabella [Harold opens the Falabella page]], Cuando selecciono una categoria y subcategoria [Harold seleccionar [Harold clicks on Selecciona el boton Categorias, Harold clicks on Selecciona el boton SubCategorias, Harold clicks on Selecciona el boton del menu de SubCategorias]], Y selecciono un producto de esa categoria [Harold escoger [Harold clicks on Selecciona el producto, Harold clicks on Selecciona el boton agregar a la bolsa, Harold clicks on Selecciona el boton bolsa de compra, Harold clicks on Selecciona el boton ir a comprar]], Y diligencio los formularios opciones de despacho
| direccion | barrio |
| Cra 36 # 34 - 89 | Buenos Aires | [Harold diligenciar [Harold clicks on Selecciona el boton REGION, Harold clicks on Selecciona el departamento, Harold clicks on Selecciona el boton ciudad, Harold clicks on Selecciona la ciudad, Harold clicks on Selecciona la comuna]]
[Test worker] WARN net.thucydides.core.steps.BaseStepListener - stepStarted: net.thucydides.core.steps.ExecutedStepDescription@17c74560
[Test worker] WARN net.thucydides.core.steps.BaseStepListener - stepFinished: current outcome:Simular la compra de un producto:Dado que estoy en la pagina falabella [Harold abrir pagina falabella [Harold opens the Falabella page]], Cuando selecciono una categoria y subcategoria [Harold seleccionar [Harold clicks on Selecciona el boton Categorias, Harold clicks on Selecciona el boton SubCategorias, Harold clicks on Selecciona el boton del menu de SubCategorias]], Y selecciono un producto de esa categoria [Harold escoger [Harold clicks on Selecciona el producto, Harold clicks on Selecciona el boton agregar a la bolsa, Harold clicks on Selecciona el boton bolsa de compra, Harold clicks on Selecciona el boton ir a comprar]], Y diligencio los formularios opciones de despacho
| direccion | barrio |
| Cra 36 # 34 - 89 | Buenos Aires | [Harold diligenciar [Harold clicks on Selecciona el boton REGION, Harold clicks on Selecciona el departamento, Harold clicks on Selecciona el boton ciudad, Harold clicks on Selecciona la ciudad, Harold clicks on Selecciona la comuna, Harold clicks on Selecciona la comuna]]
[Test worker] WARN net.thucydides.core.steps.BaseStepListener - stepStarted: net.thucydides.core.steps.ExecutedStepDescription@2c220ed4
[Test worker] WARN net.thucydides.core.steps.BaseStepListener - stepFinished: current outcome:Simular la compra de un producto:Dado que estoy en la pagina falabella [Harold abrir pagina falabella [Harold opens the Falabella page]], Cuando selecciono una categoria y subcategoria [Harold seleccionar [Harold clicks on Selecciona el boton Categorias, Harold clicks on Selecciona el boton SubCategorias, Harold clicks on Selecciona el boton del menu de SubCategorias]], Y selecciono un producto de esa categoria [Harold escoger [Harold clicks on Selecciona el producto, Harold clicks on Selecciona el boton agregar a la bolsa, Harold clicks on Selecciona el boton bolsa de compra, Harold clicks on Selecciona el boton ir a comprar]], Y diligencio los formularios opciones de despacho
| direccion | barrio |
| Cra 36 # 34 - 89 | Buenos Aires | [Harold diligenciar [Harold clicks on Selecciona el boton REGION, Harold clicks on Selecciona el departamento, Harold clicks on Selecciona el boton ciudad, Harold clicks on Selecciona la ciudad, Harold clicks on Selecciona la comuna, Harold clicks on Selecciona la comuna, Harold clicks on Selecciona boton continuar]]
[Test worker] WARN net.thucydides.core.steps.BaseStepListener - stepStarted: net.thucydides.core.steps.ExecutedStepDescription@7e48978f
[Test worker] WARN net.thucydides.core.steps.BaseStepListener - stepFinished: current outcome:Simular la compra de un producto:Dado que estoy en la pagina falabella [Harold abrir pagina falabella [Harold opens the Falabella page]], Cuando selecciono una categoria y subcategoria [Harold seleccionar [Harold clicks on Selecciona el boton Categorias, Harold clicks on Selecciona el boton SubCategorias, Harold clicks on Selecciona el boton del menu de SubCategorias]], Y selecciono un producto de esa categoria [Harold escoger [Harold clicks on Selecciona el producto, Harold clicks on Selecciona el boton agregar a la bolsa, Harold clicks on Selecciona el boton bolsa de compra, Harold clicks on Selecciona el boton ir a comprar]], Y diligencio los formularios opciones de despacho
| direccion | barrio |
| Cra 36 # 34 - 89 | Buenos Aires | [Harold diligenciar [Harold clicks on Selecciona el boton REGION, Harold clicks on Selecciona el departamento, Harold clicks on Selecciona el boton ciudad, Harold clicks on Selecciona la ciudad, Harold clicks on Selecciona la comuna, Harold clicks on Selecciona la comuna, Harold clicks on Selecciona boton continuar, Harold enters 'Cra 36 # 34 - 89' into Digito la direccion]]
[Test worker] WARN net.thucydides.core.steps.BaseStepListener - stepStarted: net.thucydides.core.steps.ExecutedStepDescription@576e54f6
[Test worker] WARN net.thucydides.core.steps.BaseStepListener - stepFinished: current outcome:Simular la compra de un producto:Dado que estoy en la pagina falabella [Harold abrir pagina falabella [Harold opens the Falabella page]], Cuando selecciono una categoria y subcategoria [Harold seleccionar [Harold clicks on Selecciona el boton Categorias, Harold clicks on Selecciona el boton SubCategorias, Harold clicks on Selecciona el boton del menu de SubCategorias]], Y selecciono un producto de esa categoria [Harold escoger [Harold clicks on Selecciona el producto, Harold clicks on Selecciona el boton agregar a la bolsa, Harold clicks on Selecciona el boton bolsa de compra, Harold clicks on Selecciona el boton ir a comprar]], Y diligencio los formularios opciones de despacho
| direccion | barrio |
| Cra 36 # 34 - 89 | Buenos Aires | [Harold diligenciar [Harold clicks on Selecciona el boton REGION, Harold clicks on Selecciona el departamento, Harold clicks on Selecciona el boton ciudad, Harold clicks on Selecciona la ciudad, Harold clicks on Selecciona la comuna, Harold clicks on Selecciona la comuna, Harold clicks on Selecciona boton continuar, Harold enters 'Cra 36 # 34 - 89' into Digito la direccion, Harold enters 'Buenos Aires' into DIgito el apartamento]]
[Test worker] WARN net.thucydides.core.steps.BaseStepListener - stepStarted: net.thucydides.core.steps.ExecutedStepDescription@4ca142f
[Test worker] WARN net.thucydides.core.steps.BaseStepListener - stepFinished: current outcome:Simular la compra de un producto:Dado que estoy en la pagina falabella [Harold abrir pagina falabella [Harold opens the Falabella page]], Cuando selecciono una categoria y subcategoria [Harold seleccionar [Harold clicks on Selecciona el boton Categorias, Harold clicks on Selecciona el boton SubCategorias, Harold clicks on Selecciona el boton del menu de SubCategorias]], Y selecciono un producto de esa categoria [Harold escoger [Harold clicks on Selecciona el producto, Harold clicks on Selecciona el boton agregar a la bolsa, Harold clicks on Selecciona el boton bolsa de compra, Harold clicks on Selecciona el boton ir a comprar]], Y diligencio los formularios opciones de despacho
| direccion | barrio |
| Cra 36 # 34 - 89 | Buenos Aires | [Harold diligenciar [Harold clicks on Selecciona el boton REGION, Harold clicks on Selecciona el departamento, Harold clicks on Selecciona el boton ciudad, Harold clicks on Selecciona la ciudad, Harold clicks on Selecciona la comuna, Harold clicks on Selecciona la comuna, Harold clicks on Selecciona boton continuar, Harold enters 'Cra 36 # 34 - 89' into Digito la direccion, Harold enters 'Buenos Aires' into DIgito el apartamento, Harold clicks on DIgito el apartamento]]
[Test worker] WARN net.thucydides.core.steps.BaseStepListener - stepStarted: net.thucydides.core.steps.ExecutedStepDescription@35eaaadc
[Test worker] WARN net.thucydides.core.steps.BaseStepListener - stepFinished: current outcome:Simular la compra de un producto:Dado que estoy en la pagina falabella [Harold abrir pagina falabella [Harold opens the Falabella page]], Cuando selecciono una categoria y subcategoria [Harold seleccionar [Harold clicks on Selecciona el boton Categorias, Harold clicks on Selecciona el boton SubCategorias, Harold clicks on Selecciona el boton del menu de SubCategorias]], Y selecciono un producto de esa categoria [Harold escoger [Harold clicks on Selecciona el producto, Harold clicks on Selecciona el boton agregar a la bolsa, Harold clicks on Selecciona el boton bolsa de compra, Harold clicks on Selecciona el boton ir a comprar]], Y diligencio los formularios opciones de despacho
| direccion | barrio |
| Cra 36 # 34 - 89 | Buenos Aires | [Harold diligenciar [Harold clicks on Selecciona el boton REGION, Harold clicks on Selecciona el departamento, Harold clicks on Selecciona el boton ciudad, Harold clicks on Selecciona la ciudad, Harold clicks on Selecciona la comuna, Harold clicks on Selecciona la comuna, Harold clicks on Selecciona boton continuar, Harold enters 'Cra 36 # 34 - 89' into Digito la direccion, Harold enters 'Buenos Aires' into DIgito el apartamento, Harold clicks on DIgito el apartamento, Harold clicks on Selecciona el boton continuar]]
[Test worker] WARN net.thucydides.core.steps.BaseStepListener - stepFinished: current outcome:Simular la compra de un producto:Dado que estoy en la pagina falabella [Harold abrir pagina falabella [Harold opens the Falabella page]], Cuando selecciono una categoria y subcategoria [Harold seleccionar [Harold clicks on Selecciona el boton Categorias, Harold clicks on Selecciona el boton SubCategorias, Harold clicks on Selecciona el boton del menu de SubCategorias]], Y selecciono un producto de esa categoria [Harold escoger [Harold clicks on Selecciona el producto, Harold clicks on Selecciona el boton agregar a la bolsa, Harold clicks on Selecciona el boton bolsa de compra, Harold clicks on Selecciona el boton ir a comprar]], Y diligencio los formularios opciones de despacho
| direccion | barrio |
| Cra 36 # 34 - 89 | Buenos Aires | [Harold diligenciar [Harold clicks on Selecciona el boton REGION, Harold clicks on Selecciona el departamento, Harold clicks on Selecciona el boton ciudad, Harold clicks on Selecciona la ciudad, Harold clicks on Selecciona la comuna, Harold clicks on Selecciona la comuna, Harold clicks on Selecciona boton continuar, Harold enters 'Cra 36 # 34 - 89' into Digito la direccion, Harold enters 'Buenos Aires' into DIgito el apartamento, Harold clicks on DIgito el apartamento, Harold clicks on Selecciona el boton continuar]]
[Test worker] WARN net.thucydides.core.steps.BaseStepListener - stepFinished: current outcome:Simular la compra de un producto:Dado que estoy en la pagina falabella [Harold abrir pagina falabella [Harold opens the Falabella page]], Cuando selecciono una categoria y subcategoria [Harold seleccionar [Harold clicks on Selecciona el boton Categorias, Harold clicks on Selecciona el boton SubCategorias, Harold clicks on Selecciona el boton del menu de SubCategorias]], Y selecciono un producto de esa categoria [Harold escoger [Harold clicks on Selecciona el producto, Harold clicks on Selecciona el boton agregar a la bolsa, Harold clicks on Selecciona el boton bolsa de compra, Harold clicks on Selecciona el boton ir a comprar]], Y diligencio los formularios opciones de despacho
| direccion | barrio |
| Cra 36 # 34 - 89 | Buenos Aires | [Harold diligenciar [Harold clicks on Selecciona el boton REGION, Harold clicks on Selecciona el departamento, Harold clicks on Selecciona el boton ciudad, Harold clicks on Selecciona la ciudad, Harold clicks on Selecciona la comuna, Harold clicks on Selecciona la comuna, Harold clicks on Selecciona boton continuar, Harold enters 'Cra 36 # 34 - 89' into Digito la direccion, Harold enters 'Buenos Aires' into DIgito el apartamento, Harold clicks on DIgito el apartamento, Harold clicks on Selecciona el boton continuar]]
[Test worker] WARN net.thucydides.core.steps.BaseStepListener - stepStarted: net.thucydides.core.steps.ExecutedStepDescription@27929af0
[Test worker] WARN net.thucydides.core.steps.BaseStepListener - stepStarted: net.thucydides.core.steps.ExecutedStepDescription@77241cbb
[Test worker] WARN net.thucydides.core.steps.BaseStepListener - stepStarted: net.thucydides.core.steps.ExecutedStepDescription@513ae5cf
[Test worker] WARN net.thucydides.core.steps.BaseStepListener - stepFinished: current outcome:Simular la compra de un producto:Dado que estoy en la pagina falabella [Harold abrir pagina falabella [Harold opens the Falabella page]], Cuando selecciono una categoria y subcategoria [Harold seleccionar [Harold clicks on Selecciona el boton Categorias, Harold clicks on Selecciona el boton SubCategorias, Harold clicks on Selecciona el boton del menu de SubCategorias]], Y selecciono un producto de esa categoria [Harold escoger [Harold clicks on Selecciona el producto, Harold clicks on Selecciona el boton agregar a la bolsa, Harold clicks on Selecciona el boton bolsa de compra, Harold clicks on Selecciona el boton ir a comprar]], Y diligencio los formularios opciones de despacho
| direccion | barrio |
| Cra 36 # 34 - 89 | Buenos Aires | [Harold diligenciar [Harold clicks on Selecciona el boton REGION, Harold clicks on Selecciona el departamento, Harold clicks on Selecciona el boton ciudad, Harold clicks on Selecciona la ciudad, Harold clicks on Selecciona la comuna, Harold clicks on Selecciona la comuna, Harold clicks on Selecciona boton continuar, Harold enters 'Cra 36 # 34 - 89' into Digito la direccion, Harold enters 'Buenos Aires' into DIgito el apartamento, Harold clicks on DIgito el apartamento, Harold clicks on Selecciona el boton continuar]], Y escojo el medio de pago tarjeta de credito [Harold elegir [Harold clicks on Selecciona la opcion otras tarjetas de credito]]
[Test worker] WARN net.thucydides.core.steps.BaseStepListener - stepStarted: net.thucydides.core.steps.ExecutedStepDescription@1e5b24f
[Test worker] WARN net.thucydides.core.steps.BaseStepListener - stepFinished: current outcome:Simular la compra de un producto:Dado que estoy en la pagina falabella [Harold abrir pagina falabella [Harold opens the Falabella page]], Cuando selecciono una categoria y subcategoria [Harold seleccionar [Harold clicks on Selecciona el boton Categorias, Harold clicks on Selecciona el boton SubCategorias, Harold clicks on Selecciona el boton del menu de SubCategorias]], Y selecciono un producto de esa categoria [Harold escoger [Harold clicks on Selecciona el producto, Harold clicks on Selecciona el boton agregar a la bolsa, Harold clicks on Selecciona el boton bolsa de compra, Harold clicks on Selecciona el boton ir a comprar]], Y diligencio los formularios opciones de despacho
| direccion | barrio |
| Cra 36 # 34 - 89 | Buenos Aires | [Harold diligenciar [Harold clicks on Selecciona el boton REGION, Harold clicks on Selecciona el departamento, Harold clicks on Selecciona el boton ciudad, Harold clicks on Selecciona la ciudad, Harold clicks on Selecciona la comuna, Harold clicks on Selecciona la comuna, Harold clicks on Selecciona boton continuar, Harold enters 'Cra 36 # 34 - 89' into Digito la direccion, Harold enters 'Buenos Aires' into DIgito el apartamento, Harold clicks on DIgito el apartamento, Harold clicks on Selecciona el boton continuar]], Y escojo el medio de pago tarjeta de credito [Harold elegir [Harold clicks on Selecciona la opcion otras tarjetas de credito, Harold clicks on Selecciono el boton continuar con el medio de pago seleccionado]]
[Test worker] WARN net.thucydides.core.steps.BaseStepListener - stepFinished: current outcome:Simular la compra de un producto:Dado que estoy en la pagina falabella [Harold abrir pagina falabella [Harold opens the Falabella page]], Cuando selecciono una categoria y subcategoria [Harold seleccionar [Harold clicks on Selecciona el boton Categorias, Harold clicks on Selecciona el boton SubCategorias, Harold clicks on Selecciona el boton del menu de SubCategorias]], Y selecciono un producto de esa categoria [Harold escoger [Harold clicks on Selecciona el producto, Harold clicks on Selecciona el boton agregar a la bolsa, Harold clicks on Selecciona el boton bolsa de compra, Harold clicks on Selecciona el boton ir a comprar]], Y diligencio los formularios opciones de despacho
| direccion | barrio |
| Cra 36 # 34 - 89 | Buenos Aires | [Harold diligenciar [Harold clicks on Selecciona el boton REGION, Harold clicks on Selecciona el departamento, Harold clicks on Selecciona el boton ciudad, Harold clicks on Selecciona la ciudad, Harold clicks on Selecciona la comuna, Harold clicks on Selecciona la comuna, Harold clicks on Selecciona boton continuar, Harold enters 'Cra 36 # 34 - 89' into Digito la direccion, Harold enters 'Buenos Aires' into DIgito el apartamento, Harold clicks on DIgito el apartamento, Harold clicks on Selecciona el boton continuar]], Y escojo el medio de pago tarjeta de credito [Harold elegir [Harold clicks on Selecciona la opcion otras tarjetas de credito, Harold clicks on Selecciono el boton continuar con el medio de pago seleccionado]]
[Test worker] WARN net.thucydides.core.steps.BaseStepListener - stepFinished: current outcome:Simular la compra de un producto:Dado que estoy en la pagina falabella [Harold abrir pagina falabella [Harold opens the Falabella page]], Cuando selecciono una categoria y subcategoria [Harold seleccionar [Harold clicks on Selecciona el boton Categorias, Harold clicks on Selecciona el boton SubCategorias, Harold clicks on Selecciona el boton del menu de SubCategorias]], Y selecciono un producto de esa categoria [Harold escoger [Harold clicks on Selecciona el producto, Harold clicks on Selecciona el boton agregar a la bolsa, Harold clicks on Selecciona el boton bolsa de compra, Harold clicks on Selecciona el boton ir a comprar]], Y diligencio los formularios opciones de despacho
| direccion | barrio |
| Cra 36 # 34 - 89 | Buenos Aires | [Harold diligenciar [Harold clicks on Selecciona el boton REGION, Harold clicks on Selecciona el departamento, Harold clicks on Selecciona el boton ciudad, Harold clicks on Selecciona la ciudad, Harold clicks on Selecciona la comuna, Harold clicks on Selecciona la comuna, Harold clicks on Selecciona boton continuar, Harold enters 'Cra 36 # 34 - 89' into Digito la direccion, Harold enters 'Buenos Aires' into DIgito el apartamento, Harold clicks on DIgito el apartamento, Harold clicks on Selecciona el boton continuar]], Y escojo el medio de pago tarjeta de credito [Harold elegir [Harold clicks on Selecciona la opcion otras tarjetas de credito, Harold clicks on Selecciono el boton continuar con el medio de pago seleccionado]]
[Test worker] WARN net.thucydides.core.steps.BaseStepListener - stepStarted: net.thucydides.core.steps.ExecutedStepDescription@7cf8b978
[Test worker] WARN net.thucydides.core.steps.BaseStepListener - stepStarted: net.thucydides.core.steps.ExecutedStepDescription@bfe092a
[Test worker] WARN net.thucydides.core.steps.BaseStepListener - stepStarted: net.thucydides.core.steps.ExecutedStepDescription@6ac9e5fb
[Test worker] WARN net.thucydides.core.steps.BaseStepListener - stepFinished: current outcome:Simular la compra de un producto:Dado que estoy en la pagina falabella [Harold abrir pagina falabella [Harold opens the Falabella page]], Cuando selecciono una categoria y subcategoria [Harold seleccionar [Harold clicks on Selecciona el boton Categorias, Harold clicks on Selecciona el boton SubCategorias, Harold clicks on Selecciona el boton del menu de SubCategorias]], Y selecciono un producto de esa categoria [Harold escoger [Harold clicks on Selecciona el producto, Harold clicks on Selecciona el boton agregar a la bolsa, Harold clicks on Selecciona el boton bolsa de compra, Harold clicks on Selecciona el boton ir a comprar]], Y diligencio los formularios opciones de despacho
| direccion | barrio |
| Cra 36 # 34 - 89 | Buenos Aires | [Harold diligenciar [Harold clicks on Selecciona el boton REGION, Harold clicks on Selecciona el departamento, Harold clicks on Selecciona el boton ciudad, Harold clicks on Selecciona la ciudad, Harold clicks on Selecciona la comuna, Harold clicks on Selecciona la comuna, Harold clicks on Selecciona boton continuar, Harold enters 'Cra 36 # 34 - 89' into Digito la direccion, Harold enters 'Buenos Aires' into DIgito el apartamento, Harold clicks on DIgito el apartamento, Harold clicks on Selecciona el boton continuar]], Y escojo el medio de pago tarjeta de credito [Harold elegir [Harold clicks on Selecciona la opcion otras tarjetas de credito, Harold clicks on Selecciono el boton continuar con el medio de pago seleccionado]], Y diligencio el formulario de tarjeta
| nombreTarjeta | numeroTarjeta | codigoCVV |
| harold altamiranda | 5452986875735484 | 206 | [Harold rellenar [Harold enters 'harold altamiranda' into Digito el nombre de la tarjeta]]
[Test worker] WARN net.thucydides.core.steps.BaseStepListener - stepStarted: net.thucydides.core.steps.ExecutedStepDescription@373f0701
[Test worker] WARN net.thucydides.core.steps.BaseStepListener - stepFinished: current outcome:Simular la compra de un producto:Dado que estoy en la pagina falabella [Harold abrir pagina falabella [Harold opens the Falabella page]], Cuando selecciono una categoria y subcategoria [Harold seleccionar [Harold clicks on Selecciona el boton Categorias, Harold clicks on Selecciona el boton SubCategorias, Harold clicks on Selecciona el boton del menu de SubCategorias]], Y selecciono un producto de esa categoria [Harold escoger [Harold clicks on Selecciona el producto, Harold clicks on Selecciona el boton agregar a la bolsa, Harold clicks on Selecciona el boton bolsa de compra, Harold clicks on Selecciona el boton ir a comprar]], Y diligencio los formularios opciones de despacho
| direccion | barrio |
| Cra 36 # 34 - 89 | Buenos Aires | [Harold diligenciar [Harold clicks on Selecciona el boton REGION, Harold clicks on Selecciona el departamento, Harold clicks on Selecciona el boton ciudad, Harold clicks on Selecciona la ciudad, Harold clicks on Selecciona la comuna, Harold clicks on Selecciona la comuna, Harold clicks on Selecciona boton continuar, Harold enters 'Cra 36 # 34 - 89' into Digito la direccion, Harold enters 'Buenos Aires' into DIgito el apartamento, Harold clicks on DIgito el apartamento, Harold clicks on Selecciona el boton continuar]], Y escojo el medio de pago tarjeta de credito [Harold elegir [Harold clicks on Selecciona la opcion otras tarjetas de credito, Harold clicks on Selecciono el boton continuar con el medio de pago seleccionado]], Y diligencio el formulario de tarjeta
| nombreTarjeta | numeroTarjeta | codigoCVV |
| harold altamiranda | 5452986875735484 | 206 | [Harold rellenar [Harold enters 'harold altamiranda' into Digito el nombre de la tarjeta, Harold enters '5452986875735484' into Digito el numero de la tarjeta]]
[Test worker] WARN net.thucydides.core.steps.BaseStepListener - stepStarted: net.thucydides.core.steps.ExecutedStepDescription@78c816f6
[Test worker] WARN net.thucydides.core.steps.BaseStepListener - stepFinished: current outcome:Simular la compra de un producto:Dado que estoy en la pagina falabella [Harold abrir pagina falabella [Harold opens the Falabella page]], Cuando selecciono una categoria y subcategoria [Harold seleccionar [Harold clicks on Selecciona el boton Categorias, Harold clicks on Selecciona el boton SubCategorias, Harold clicks on Selecciona el boton del menu de SubCategorias]], Y selecciono un producto de esa categoria [Harold escoger [Harold clicks on Selecciona el producto, Harold clicks on Selecciona el boton agregar a la bolsa, Harold clicks on Selecciona el boton bolsa de compra, Harold clicks on Selecciona el boton ir a comprar]], Y diligencio los formularios opciones de despacho
| direccion | barrio |
| Cra 36 # 34 - 89 | Buenos Aires | [Harold diligenciar [Harold clicks on Selecciona el boton REGION, Harold clicks on Selecciona el departamento, Harold clicks on Selecciona el boton ciudad, Harold clicks on Selecciona la ciudad, Harold clicks on Selecciona la comuna, Harold clicks on Selecciona la comuna, Harold clicks on Selecciona boton continuar, Harold enters 'Cra 36 # 34 - 89' into Digito la direccion, Harold enters 'Buenos Aires' into DIgito el apartamento, Harold clicks on DIgito el apartamento, Harold clicks on Selecciona el boton continuar]], Y escojo el medio de pago tarjeta de credito [Harold elegir [Harold clicks on Selecciona la opcion otras tarjetas de credito, Harold clicks on Selecciono el boton continuar con el medio de pago seleccionado]], Y diligencio el formulario de tarjeta
| nombreTarjeta | numeroTarjeta | codigoCVV |
| harold altamiranda | 5452986875735484 | 206 | [Harold rellenar [Harold enters 'harold altamiranda' into Digito el nombre de la tarjeta, Harold enters '5452986875735484' into Digito el numero de la tarjeta, Harold enters '206' into Digito el codigo cvv de la tarjeta]]
[Test worker] WARN net.thucydides.core.steps.BaseStepListener - stepStarted: net.thucydides.core.steps.ExecutedStepDescription@3c6e24b9
[Test worker] WARN net.thucydides.core.steps.BaseStepListener - stepFinished: current outcome:Simular la compra de un producto:Dado que estoy en la pagina falabella [Harold abrir pagina falabella [Harold opens the Falabella page]], Cuando selecciono una categoria y subcategoria [Harold seleccionar [Harold clicks on Selecciona el boton Categorias, Harold clicks on Selecciona el boton SubCategorias, Harold clicks on Selecciona el boton del menu de SubCategorias]], Y selecciono un producto de esa categoria [Harold escoger [Harold clicks on Selecciona el producto, Harold clicks on Selecciona el boton agregar a la bolsa, Harold clicks on Selecciona el boton bolsa de compra, Harold clicks on Selecciona el boton ir a comprar]], Y diligencio los formularios opciones de despacho
| direccion | barrio |
| Cra 36 # 34 - 89 | Buenos Aires | [Harold diligenciar [Harold clicks on Selecciona el boton REGION, Harold clicks on Selecciona el departamento, Harold clicks on Selecciona el boton ciudad, Harold clicks on Selecciona la ciudad, Harold clicks on Selecciona la comuna, Harold clicks on Selecciona la comuna, Harold clicks on Selecciona boton continuar, Harold enters 'Cra 36 # 34 - 89' into Digito la direccion, Harold enters 'Buenos Aires' into DIgito el apartamento, Harold clicks on DIgito el apartamento, Harold clicks on Selecciona el boton continuar]], Y escojo el medio de pago tarjeta de credito [Harold elegir [Harold clicks on Selecciona la opcion otras tarjetas de credito, Harold clicks on Selecciono el boton continuar con el medio de pago seleccionado]], Y diligencio el formulario de tarjeta
| nombreTarjeta | numeroTarjeta | codigoCVV |
| harold altamiranda | 5452986875735484 | 206 | [Harold rellenar [Harold enters 'harold altamiranda' into Digito el nombre de la tarjeta, Harold enters '5452986875735484' into Digito el numero de la tarjeta, Harold enters '206' into Digito el codigo cvv de la tarjeta, Harold clicks on Selecciono la opcion mes]]
[Test worker] WARN net.thucydides.core.steps.BaseStepListener - stepStarted: net.thucydides.core.steps.ExecutedStepDescription@618226a
[Test worker] WARN net.thucydides.core.steps.BaseStepListener - stepFinished: current outcome:Simular la compra de un producto:Dado que estoy en la pagina falabella [Harold abrir pagina falabella [Harold opens the Falabella page]], Cuando selecciono una categoria y subcategoria [Harold seleccionar [Harold clicks on Selecciona el boton Categorias, Harold clicks on Selecciona el boton SubCategorias, Harold clicks on Selecciona el boton del menu de SubCategorias]], Y selecciono un producto de esa categoria [Harold escoger [Harold clicks on Selecciona el producto, Harold clicks on Selecciona el boton agregar a la bolsa, Harold clicks on Selecciona el boton bolsa de compra, Harold clicks on Selecciona el boton ir a comprar]], Y diligencio los formularios opciones de despacho
| direccion | barrio |
| Cra 36 # 34 - 89 | Buenos Aires | [Harold diligenciar [Harold clicks on Selecciona el boton REGION, Harold clicks on Selecciona el departamento, Harold clicks on Selecciona el boton ciudad, Harold clicks on Selecciona la ciudad, Harold clicks on Selecciona la comuna, Harold clicks on Selecciona la comuna, Harold clicks on Selecciona boton continuar, Harold enters 'Cra 36 # 34 - 89' into Digito la direccion, Harold enters 'Buenos Aires' into DIgito el apartamento, Harold clicks on DIgito el apartamento, Harold clicks on Selecciona el boton continuar]], Y escojo el medio de pago tarjeta de credito [Harold elegir [Harold clicks on Selecciona la opcion otras tarjetas de credito, Harold clicks on Selecciono el boton continuar con el medio de pago seleccionado]], Y diligencio el formulario de tarjeta
| nombreTarjeta | numeroTarjeta | codigoCVV |
| harold altamiranda | 5452986875735484 | 206 | [Harold rellenar [Harold enters 'harold altamiranda' into Digito el nombre de la tarjeta, Harold enters '5452986875735484' into Digito el numero de la tarjeta, Harold enters '206' into Digito el codigo cvv de la tarjeta, Harold clicks on Selecciono la opcion mes, Harold clicks on Selecciono el mes]]
[Test worker] WARN net.thucydides.core.steps.BaseStepListener - stepStarted: net.thucydides.core.steps.ExecutedStepDescription@54c1389e
[Test worker] WARN net.thucydides.core.steps.BaseStepListener - stepFinished: current outcome:Simular la compra de un producto:Dado que estoy en la pagina falabella [Harold abrir pagina falabella [Harold opens the Falabella page]], Cuando selecciono una categoria y subcategoria [Harold seleccionar [Harold clicks on Selecciona el boton Categorias, Harold clicks on Selecciona el boton SubCategorias, Harold clicks on Selecciona el boton del menu de SubCategorias]], Y selecciono un producto de esa categoria [Harold escoger [Harold clicks on Selecciona el producto, Harold clicks on Selecciona el boton agregar a la bolsa, Harold clicks on Selecciona el boton bolsa de compra, Harold clicks on Selecciona el boton ir a comprar]], Y diligencio los formularios opciones de despacho
| direccion | barrio |
| Cra 36 # 34 - 89 | Buenos Aires | [Harold diligenciar [Harold clicks on Selecciona el boton REGION, Harold clicks on Selecciona el departamento, Harold clicks on Selecciona el boton ciudad, Harold clicks on Selecciona la ciudad, Harold clicks on Selecciona la comuna, Harold clicks on Selecciona la comuna, Harold clicks on Selecciona boton continuar, Harold enters 'Cra 36 # 34 - 89' into Digito la direccion, Harold enters 'Buenos Aires' into DIgito el apartamento, Harold clicks on DIgito el apartamento, Harold clicks on Selecciona el boton continuar]], Y escojo el medio de pago tarjeta de credito [Harold elegir [Harold clicks on Selecciona la opcion otras tarjetas de credito, Harold clicks on Selecciono el boton continuar con el medio de pago seleccionado]], Y diligencio el formulario de tarjeta
| nombreTarjeta | numeroTarjeta | codigoCVV |
| harold altamiranda | 5452986875735484 | 206 | [Harold rellenar [Harold enters 'harold altamiranda' into Digito el nombre de la tarjeta, Harold enters '5452986875735484' into Digito el numero de la tarjeta, Harold enters '206' into Digito el codigo cvv de la tarjeta, Harold clicks on Selecciono la opcion mes, Harold clicks on Selecciono el mes, Harold clicks on Selecciono la opcion anio]]
[Test worker] WARN net.thucydides.core.steps.BaseStepListener - stepStarted: net.thucydides.core.steps.ExecutedStepDescription@569dd0bf
[Test worker] WARN net.thucydides.core.steps.BaseStepListener - stepFinished: current outcome:Simular la compra de un producto:Dado que estoy en la pagina falabella [Harold abrir pagina falabella [Harold opens the Falabella page]], Cuando selecciono una categoria y subcategoria [Harold seleccionar [Harold clicks on Selecciona el boton Categorias, Harold clicks on Selecciona el boton SubCategorias, Harold clicks on Selecciona el boton del menu de SubCategorias]], Y selecciono un producto de esa categoria [Harold escoger [Harold clicks on Selecciona el producto, Harold clicks on Selecciona el boton agregar a la bolsa, Harold clicks on Selecciona el boton bolsa de compra, Harold clicks on Selecciona el boton ir a comprar]], Y diligencio los formularios opciones de despacho
| direccion | barrio |
| Cra 36 # 34 - 89 | Buenos Aires | [Harold diligenciar [Harold clicks on Selecciona el boton REGION, Harold clicks on Selecciona el departamento, Harold clicks on Selecciona el boton ciudad, Harold clicks on Selecciona la ciudad, Harold clicks on Selecciona la comuna, Harold clicks on Selecciona la comuna, Harold clicks on Selecciona boton continuar, Harold enters 'Cra 36 # 34 - 89' into Digito la direccion, Harold enters 'Buenos Aires' into DIgito el apartamento, Harold clicks on DIgito el apartamento, Harold clicks on Selecciona el boton continuar]], Y escojo el medio de pago tarjeta de credito [Harold elegir [Harold clicks on Selecciona la opcion otras tarjetas de credito, Harold clicks on Selecciono el boton continuar con el medio de pago seleccionado]], Y diligencio el formulario de tarjeta
| nombreTarjeta | numeroTarjeta | codigoCVV |
| harold altamiranda | 5452986875735484 | 206 | [Harold rellenar [Harold enters 'harold altamiranda' into Digito el nombre de la tarjeta, Harold enters '5452986875735484' into Digito el numero de la tarjeta, Harold enters '206' into Digito el codigo cvv de la tarjeta, Harold clicks on Selecciono la opcion mes, Harold clicks on Selecciono el mes, Harold clicks on Selecciono la opcion anio, Harold clicks on Selecciono el anio]]
[Test worker] WARN net.thucydides.core.steps.BaseStepListener - stepStarted: net.thucydides.core.steps.ExecutedStepDescription@56c7e9bd
[Test worker] WARN net.thucydides.core.steps.BaseStepListener - stepFinished: current outcome:Simular la compra de un producto:Dado que estoy en la pagina falabella [Harold abrir pagina falabella [Harold opens the Falabella page]], Cuando selecciono una categoria y subcategoria [Harold seleccionar [Harold clicks on Selecciona el boton Categorias, Harold clicks on Selecciona el boton SubCategorias, Harold clicks on Selecciona el boton del menu de SubCategorias]], Y selecciono un producto de esa categoria [Harold escoger [Harold clicks on Selecciona el producto, Harold clicks on Selecciona el boton agregar a la bolsa, Harold clicks on Selecciona el boton bolsa de compra, Harold clicks on Selecciona el boton ir a comprar]], Y diligencio los formularios opciones de despacho
| direccion | barrio |
| Cra 36 # 34 - 89 | Buenos Aires | [Harold diligenciar [Harold clicks on Selecciona el boton REGION, Harold clicks on Selecciona el departamento, Harold clicks on Selecciona el boton ciudad, Harold clicks on Selecciona la ciudad, Harold clicks on Selecciona la comuna, Harold clicks on Selecciona la comuna, Harold clicks on Selecciona boton continuar, Harold enters 'Cra 36 # 34 - 89' into Digito la direccion, Harold enters 'Buenos Aires' into DIgito el apartamento, Harold clicks on DIgito el apartamento, Harold clicks on Selecciona el boton continuar]], Y escojo el medio de pago tarjeta de credito [Harold elegir [Harold clicks on Selecciona la opcion otras tarjetas de credito, Harold clicks on Selecciono el boton continuar con el medio de pago seleccionado]], Y diligencio el formulario de tarjeta
| nombreTarjeta | numeroTarjeta | codigoCVV |
| harold altamiranda | 5452986875735484 | 206 | [Harold rellenar [Harold enters 'harold altamiranda' into Digito el nombre de la tarjeta, Harold enters '5452986875735484' into Digito el numero de la tarjeta, Harold enters '206' into Digito el codigo cvv de la tarjeta, Harold clicks on Selecciono la opcion mes, Harold clicks on Selecciono el mes, Harold clicks on Selecciono la opcion anio, Harold clicks on Selecciono el anio, Harold clicks on Selecciono el boton usar esta tarjeta]]
[Test worker] WARN net.thucydides.core.steps.BaseStepListener - stepFinished: current outcome:Simular la compra de un producto:Dado que estoy en la pagina falabella [Harold abrir pagina falabella [Harold opens the Falabella page]], Cuando selecciono una categoria y subcategoria [Harold seleccionar [Harold clicks on Selecciona el boton Categorias, Harold clicks on Selecciona el boton SubCategorias, Harold clicks on Selecciona el boton del menu de SubCategorias]], Y selecciono un producto de esa categoria [Harold escoger [Harold clicks on Selecciona el producto, Harold clicks on Selecciona el boton agregar a la bolsa, Harold clicks on Selecciona el boton bolsa de compra, Harold clicks on Selecciona el boton ir a comprar]], Y diligencio los formularios opciones de despacho
| direccion | barrio |
| Cra 36 # 34 - 89 | Buenos Aires | [Harold diligenciar [Harold clicks on Selecciona el boton REGION, Harold clicks on Selecciona el departamento, Harold clicks on Selecciona el boton ciudad, Harold clicks on Selecciona la ciudad, Harold clicks on Selecciona la comuna, Harold clicks on Selecciona la comuna, Harold clicks on Selecciona boton continuar, Harold enters 'Cra 36 # 34 - 89' into Digito la direccion, Harold enters 'Buenos Aires' into DIgito el apartamento, Harold clicks on DIgito el apartamento, Harold clicks on Selecciona el boton continuar]], Y escojo el medio de pago tarjeta de credito [Harold elegir [Harold clicks on Selecciona la opcion otras tarjetas de credito, Harold clicks on Selecciono el boton continuar con el medio de pago seleccionado]], Y diligencio el formulario de tarjeta
| nombreTarjeta | numeroTarjeta | codigoCVV |
| harold altamiranda | 5452986875735484 | 206 | [Harold rellenar [Harold enters 'harold altamiranda' into Digito el nombre de la tarjeta, Harold enters '5452986875735484' into Digito el numero de la tarjeta, Harold enters '206' into Digito el codigo cvv de la tarjeta, Harold clicks on Selecciono la opcion mes, Harold clicks on Selecciono el mes, Harold clicks on Selecciono la opcion anio, Harold clicks on Selecciono el anio, Harold clicks on Selecciono el boton usar esta tarjeta]]
[Test worker] WARN net.thucydides.core.steps.BaseStepListener - stepFinished: current outcome:Simular la compra de un producto:Dado que estoy en la pagina falabella [Harold abrir pagina falabella [Harold opens the Falabella page]], Cuando selecciono una categoria y subcategoria [Harold seleccionar [Harold clicks on Selecciona el boton Categorias, Harold clicks on Selecciona el boton SubCategorias, Harold clicks on Selecciona el boton del menu de SubCategorias]], Y selecciono un producto de esa categoria [Harold escoger [Harold clicks on Selecciona el producto, Harold clicks on Selecciona el boton agregar a la bolsa, Harold clicks on Selecciona el boton bolsa de compra, Harold clicks on Selecciona el boton ir a comprar]], Y diligencio los formularios opciones de despacho
| direccion | barrio |
| Cra 36 # 34 - 89 | Buenos Aires | [Harold diligenciar [Harold clicks on Selecciona el boton REGION, Harold clicks on Selecciona el departamento, Harold clicks on Selecciona el boton ciudad, Harold clicks on Selecciona la ciudad, Harold clicks on Selecciona la comuna, Harold clicks on Selecciona la comuna, Harold clicks on Selecciona boton continuar, Harold enters 'Cra 36 # 34 - 89' into Digito la direccion, Harold enters 'Buenos Aires' into DIgito el apartamento, Harold clicks on DIgito el apartamento, Harold clicks on Selecciona el boton continuar]], Y escojo el medio de pago tarjeta de credito [Harold elegir [Harold clicks on Selecciona la opcion otras tarjetas de credito, Harold clicks on Selecciono el boton continuar con el medio de pago seleccionado]], Y diligencio el formulario de tarjeta
| nombreTarjeta | numeroTarjeta | codigoCVV |
| harold altamiranda | 5452986875735484 | 206 | [Harold rellenar [Harold enters 'harold altamiranda' into Digito el nombre de la tarjeta, Harold enters '5452986875735484' into Digito el numero de la tarjeta, Harold enters '206' into Digito el codigo cvv de la tarjeta, Harold clicks on Selecciono la opcion mes, Harold clicks on Selecciono el mes, Harold clicks on Selecciono la opcion anio, Harold clicks on Selecciono el anio, Harold clicks on Selecciono el boton usar esta tarjeta]]
[Test worker] WARN net.thucydides.core.steps.BaseStepListener - stepStarted: net.thucydides.core.steps.ExecutedStepDescription@7fd5de71
[Test worker] WARN net.thucydides.core.steps.BaseStepListener - stepStarted: net.thucydides.core.steps.ExecutedStepDescription@6e28fe93
[Test worker] WARN net.thucydides.core.steps.BaseStepListener - stepStarted: net.thucydides.core.steps.ExecutedStepDescription@6217aa87
[Test worker] WARN net.thucydides.core.steps.BaseStepListener - stepFinished: current outcome:Simular la compra de un producto:Dado que estoy en la pagina falabella [Harold abrir pagina falabella [Harold opens the Falabella page]], Cuando selecciono una categoria y subcategoria [Harold seleccionar [Harold clicks on Selecciona el boton Categorias, Harold clicks on Selecciona el boton SubCategorias, Harold clicks on Selecciona el boton del menu de SubCategorias]], Y selecciono un producto de esa categoria [Harold escoger [Harold clicks on Selecciona el producto, Harold clicks on Selecciona el boton agregar a la bolsa, Harold clicks on Selecciona el boton bolsa de compra, Harold clicks on Selecciona el boton ir a comprar]], Y diligencio los formularios opciones de despacho
| direccion | barrio |
| Cra 36 # 34 - 89 | Buenos Aires | [Harold diligenciar [Harold clicks on Selecciona el boton REGION, Harold clicks on Selecciona el departamento, Harold clicks on Selecciona el boton ciudad, Harold clicks on Selecciona la ciudad, Harold clicks on Selecciona la comuna, Harold clicks on Selecciona la comuna, Harold clicks on Selecciona boton continuar, Harold enters 'Cra 36 # 34 - 89' into Digito la direccion, Harold enters 'Buenos Aires' into DIgito el apartamento, Harold clicks on DIgito el apartamento, Harold clicks on Selecciona el boton continuar]], Y escojo el medio de pago tarjeta de credito [Harold elegir [Harold clicks on Selecciona la opcion otras tarjetas de credito, Harold clicks on Selecciono el boton continuar con el medio de pago seleccionado]], Y diligencio el formulario de tarjeta
| nombreTarjeta | numeroTarjeta | codigoCVV |
| harold altamiranda | 5452986875735484 | 206 | [Harold rellenar [Harold enters 'harold altamiranda' into Digito el nombre de la tarjeta, Harold enters '5452986875735484' into Digito el numero de la tarjeta, Harold enters '206' into Digito el codigo cvv de la tarjeta, Harold clicks on Selecciono la opcion mes, Harold clicks on Selecciono el mes, Harold clicks on Selecciono la opcion anio, Harold clicks on Selecciono el anio, Harold clicks on Selecciono el boton usar esta tarjeta]], Y diligencio el formulario de datos personales
| nombre | apellido | correo | cedula | celular |
| Harold | Altamiranda | harold29as@gmail.com | 1052942912 | 3004639870 | [Harold completar [Harold enters 'Harold' into Ingreso el nombre]]
[Test worker] WARN net.thucydides.core.steps.BaseStepListener - stepStarted: net.thucydides.core.steps.ExecutedStepDescription@6ea2345c
[Test worker] WARN net.thucydides.core.steps.BaseStepListener - stepFinished: current outcome:Simular la compra de un producto:Dado que estoy en la pagina falabella [Harold abrir pagina falabella [Harold opens the Falabella page]], Cuando selecciono una categoria y subcategoria [Harold seleccionar [Harold clicks on Selecciona el boton Categorias, Harold clicks on Selecciona el boton SubCategorias, Harold clicks on Selecciona el boton del menu de SubCategorias]], Y selecciono un producto de esa categoria [Harold escoger [Harold clicks on Selecciona el producto, Harold clicks on Selecciona el boton agregar a la bolsa, Harold clicks on Selecciona el boton bolsa de compra, Harold clicks on Selecciona el boton ir a comprar]], Y diligencio los formularios opciones de despacho
| direccion | barrio |
| Cra 36 # 34 - 89 | Buenos Aires | [Harold diligenciar [Harold clicks on Selecciona el boton REGION, Harold clicks on Selecciona el departamento, Harold clicks on Selecciona el boton ciudad, Harold clicks on Selecciona la ciudad, Harold clicks on Selecciona la comuna, Harold clicks on Selecciona la comuna, Harold clicks on Selecciona boton continuar, Harold enters 'Cra 36 # 34 - 89' into Digito la direccion, Harold enters 'Buenos Aires' into DIgito el apartamento, Harold clicks on DIgito el apartamento, Harold clicks on Selecciona el boton continuar]], Y escojo el medio de pago tarjeta de credito [Harold elegir [Harold clicks on Selecciona la opcion otras tarjetas de credito, Harold clicks on Selecciono el boton continuar con el medio de pago seleccionado]], Y diligencio el formulario de tarjeta
| nombreTarjeta | numeroTarjeta | codigoCVV |
| harold altamiranda | 5452986875735484 | 206 | [Harold rellenar [Harold enters 'harold altamiranda' into Digito el nombre de la tarjeta, Harold enters '5452986875735484' into Digito el numero de la tarjeta, Harold enters '206' into Digito el codigo cvv de la tarjeta, Harold clicks on Selecciono la opcion mes, Harold clicks on Selecciono el mes, Harold clicks on Selecciono la opcion anio, Harold clicks on Selecciono el anio, Harold clicks on Selecciono el boton usar esta tarjeta]], Y diligencio el formulario de datos personales
| nombre | apellido | correo | cedula | celular |
| Harold | Altamiranda | harold29as@gmail.com | 1052942912 | 3004639870 | [Harold completar [Harold enters 'Harold' into Ingreso el nombre, Harold enters 'Altamiranda' into Ingreso el apellido]]
[Test worker] WARN net.thucydides.core.steps.BaseStepListener - stepStarted: net.thucydides.core.steps.ExecutedStepDescription@7ceb403
[Test worker] WARN net.thucydides.core.steps.BaseStepListener - stepFinished: current outcome:Simular la compra de un producto:Dado que estoy en la pagina falabella [Harold abrir pagina falabella [Harold opens the Falabella page]], Cuando selecciono una categoria y subcategoria [Harold seleccionar [Harold clicks on Selecciona el boton Categorias, Harold clicks on Selecciona el boton SubCategorias, Harold clicks on Selecciona el boton del menu de SubCategorias]], Y selecciono un producto de esa categoria [Harold escoger [Harold clicks on Selecciona el producto, Harold clicks on Selecciona el boton agregar a la bolsa, Harold clicks on Selecciona el boton bolsa de compra, Harold clicks on Selecciona el boton ir a comprar]], Y diligencio los formularios opciones de despacho
| direccion | barrio |
| Cra 36 # 34 - 89 | Buenos Aires | [Harold diligenciar [Harold clicks on Selecciona el boton REGION, Harold clicks on Selecciona el departamento, Harold clicks on Selecciona el boton ciudad, Harold clicks on Selecciona la ciudad, Harold clicks on Selecciona la comuna, Harold clicks on Selecciona la comuna, Harold clicks on Selecciona boton continuar, Harold enters 'Cra 36 # 34 - 89' into Digito la direccion, Harold enters 'Buenos Aires' into DIgito el apartamento, Harold clicks on DIgito el apartamento, Harold clicks on Selecciona el boton continuar]], Y escojo el medio de pago tarjeta de credito [Harold elegir [Harold clicks on Selecciona la opcion otras tarjetas de credito, Harold clicks on Selecciono el boton continuar con el medio de pago seleccionado]], Y diligencio el formulario de tarjeta
| nombreTarjeta | numeroTarjeta | codigoCVV |
| harold altamiranda | 5452986875735484 | 206 | [Harold rellenar [Harold enters 'harold altamiranda' into Digito el nombre de la tarjeta, Harold enters '5452986875735484' into Digito el numero de la tarjeta, Harold enters '206' into Digito el codigo cvv de la tarjeta, Harold clicks on Selecciono la opcion mes, Harold clicks on Selecciono el mes, Harold clicks on Selecciono la opcion anio, Harold clicks on Selecciono el anio, Harold clicks on Selecciono el boton usar esta tarjeta]], Y diligencio el formulario de datos personales
| nombre | apellido | correo | cedula | celular |
| Harold | Altamiranda | harold29as@gmail.com | 1052942912 | 3004639870 | [Harold completar [Harold enters 'Harold' into Ingreso el nombre, Harold enters 'Altamiranda' into Ingreso el apellido, Harold enters 'harold29as@gmail.com' into Ingreso el correo ]]
[Test worker] WARN net.thucydides.core.steps.BaseStepListener - stepStarted: net.thucydides.core.steps.ExecutedStepDescription@3563b4b
[Test worker] WARN net.thucydides.core.steps.BaseStepListener - stepFinished: current outcome:Simular la compra de un producto:Dado que estoy en la pagina falabella [Harold abrir pagina falabella [Harold opens the Falabella page]], Cuando selecciono una categoria y subcategoria [Harold seleccionar [Harold clicks on Selecciona el boton Categorias, Harold clicks on Selecciona el boton SubCategorias, Harold clicks on Selecciona el boton del menu de SubCategorias]], Y selecciono un producto de esa categoria [Harold escoger [Harold clicks on Selecciona el producto, Harold clicks on Selecciona el boton agregar a la bolsa, Harold clicks on Selecciona el boton bolsa de compra, Harold clicks on Selecciona el boton ir a comprar]], Y diligencio los formularios opciones de despacho
| direccion | barrio |
| Cra 36 # 34 - 89 | Buenos Aires | [Harold diligenciar [Harold clicks on Selecciona el boton REGION, Harold clicks on Selecciona el departamento, Harold clicks on Selecciona el boton ciudad, Harold clicks on Selecciona la ciudad, Harold clicks on Selecciona la comuna, Harold clicks on Selecciona la comuna, Harold clicks on Selecciona boton continuar, Harold enters 'Cra 36 # 34 - 89' into Digito la direccion, Harold enters 'Buenos Aires' into DIgito el apartamento, Harold clicks on DIgito el apartamento, Harold clicks on Selecciona el boton continuar]], Y escojo el medio de pago tarjeta de credito [Harold elegir [Harold clicks on Selecciona la opcion otras tarjetas de credito, Harold clicks on Selecciono el boton continuar con el medio de pago seleccionado]], Y diligencio el formulario de tarjeta
| nombreTarjeta | numeroTarjeta | codigoCVV |
| harold altamiranda | 5452986875735484 | 206 | [Harold rellenar [Harold enters 'harold altamiranda' into Digito el nombre de la tarjeta, Harold enters '5452986875735484' into Digito el numero de la tarjeta, Harold enters '206' into Digito el codigo cvv de la tarjeta, Harold clicks on Selecciono la opcion mes, Harold clicks on Selecciono el mes, Harold clicks on Selecciono la opcion anio, Harold clicks on Selecciono el anio, Harold clicks on Selecciono el boton usar esta tarjeta]], Y diligencio el formulario de datos personales
| nombre | apellido | correo | cedula | celular |
| Harold | Altamiranda | harold29as@gmail.com | 1052942912 | 3004639870 | [Harold completar [Harold enters 'Harold' into Ingreso el nombre, Harold enters 'Altamiranda' into Ingreso el apellido, Harold enters 'harold29as@gmail.com' into Ingreso el correo , Harold enters '1052942912' into Ingreso # CC]]
[Test worker] WARN net.thucydides.core.steps.BaseStepListener - stepStarted: net.thucydides.core.steps.ExecutedStepDescription@7dcb7e3c
[Test worker] WARN net.thucydides.core.steps.BaseStepListener - stepFinished: current outcome:Simular la compra de un producto:Dado que estoy en la pagina falabella [Harold abrir pagina falabella [Harold opens the Falabella page]], Cuando selecciono una categoria y subcategoria [Harold seleccionar [Harold clicks on Selecciona el boton Categorias, Harold clicks on Selecciona el boton SubCategorias, Harold clicks on Selecciona el boton del menu de SubCategorias]], Y selecciono un producto de esa categoria [Harold escoger [Harold clicks on Selecciona el producto, Harold clicks on Selecciona el boton agregar a la bolsa, Harold clicks on Selecciona el boton bolsa de compra, Harold clicks on Selecciona el boton ir a comprar]], Y diligencio los formularios opciones de despacho
| direccion | barrio |
| Cra 36 # 34 - 89 | Buenos Aires | [Harold diligenciar [Harold clicks on Selecciona el boton REGION, Harold clicks on Selecciona el departamento, Harold clicks on Selecciona el boton ciudad, Harold clicks on Selecciona la ciudad, Harold clicks on Selecciona la comuna, Harold clicks on Selecciona la comuna, Harold clicks on Selecciona boton continuar, Harold enters 'Cra 36 # 34 - 89' into Digito la direccion, Harold enters 'Buenos Aires' into DIgito el apartamento, Harold clicks on DIgito el apartamento, Harold clicks on Selecciona el boton continuar]], Y escojo el medio de pago tarjeta de credito [Harold elegir [Harold clicks on Selecciona la opcion otras tarjetas de credito, Harold clicks on Selecciono el boton continuar con el medio de pago seleccionado]], Y diligencio el formulario de tarjeta
| nombreTarjeta | numeroTarjeta | codigoCVV |
| harold altamiranda | 5452986875735484 | 206 | [Harold rellenar [Harold enters 'harold altamiranda' into Digito el nombre de la tarjeta, Harold enters '5452986875735484' into Digito el numero de la tarjeta, Harold enters '206' into Digito el codigo cvv de la tarjeta, Harold clicks on Selecciono la opcion mes, Harold clicks on Selecciono el mes, Harold clicks on Selecciono la opcion anio, Harold clicks on Selecciono el anio, Harold clicks on Selecciono el boton usar esta tarjeta]], Y diligencio el formulario de datos personales
| nombre | apellido | correo | cedula | celular |
| Harold | Altamiranda | harold29as@gmail.com | 1052942912 | 3004639870 | [Harold completar [Harold enters 'Harold' into Ingreso el nombre, Harold enters 'Altamiranda' into Ingreso el apellido, Harold enters 'harold29as@gmail.com' into Ingreso el correo , Harold enters '1052942912' into Ingreso # CC, Harold enters '3004639870' into Ingreso # Celular]]
[Test worker] WARN net.thucydides.core.steps.BaseStepListener - stepFinished: current outcome:Simular la compra de un producto:Dado que estoy en la pagina falabella [Harold abrir pagina falabella [Harold opens the Falabella page]], Cuando selecciono una categoria y subcategoria [Harold seleccionar [Harold clicks on Selecciona el boton Categorias, Harold clicks on Selecciona el boton SubCategorias, Harold clicks on Selecciona el boton del menu de SubCategorias]], Y selecciono un producto de esa categoria [Harold escoger [Harold clicks on Selecciona el producto, Harold clicks on Selecciona el boton agregar a la bolsa, Harold clicks on Selecciona el boton bolsa de compra, Harold clicks on Selecciona el boton ir a comprar]], Y diligencio los formularios opciones de despacho
| direccion | barrio |
| Cra 36 # 34 - 89 | Buenos Aires | [Harold diligenciar [Harold clicks on Selecciona el boton REGION, Harold clicks on Selecciona el departamento, Harold clicks on Selecciona el boton ciudad, Harold clicks on Selecciona la ciudad, Harold clicks on Selecciona la comuna, Harold clicks on Selecciona la comuna, Harold clicks on Selecciona boton continuar, Harold enters 'Cra 36 # 34 - 89' into Digito la direccion, Harold enters 'Buenos Aires' into DIgito el apartamento, Harold clicks on DIgito el apartamento, Harold clicks on Selecciona el boton continuar]], Y escojo el medio de pago tarjeta de credito [Harold elegir [Harold clicks on Selecciona la opcion otras tarjetas de credito, Harold clicks on Selecciono el boton continuar con el medio de pago seleccionado]], Y diligencio el formulario de tarjeta
| nombreTarjeta | numeroTarjeta | codigoCVV |
| harold altamiranda | 5452986875735484 | 206 | [Harold rellenar [Harold enters 'harold altamiranda' into Digito el nombre de la tarjeta, Harold enters '5452986875735484' into Digito el numero de la tarjeta, Harold enters '206' into Digito el codigo cvv de la tarjeta, Harold clicks on Selecciono la opcion mes, Harold clicks on Selecciono el mes, Harold clicks on Selecciono la opcion anio, Harold clicks on Selecciono el anio, Harold clicks on Selecciono el boton usar esta tarjeta]], Y diligencio el formulario de datos personales
| nombre | apellido | correo | cedula | celular |
| Harold | Altamiranda | harold29as@gmail.com | 1052942912 | 3004639870 | [Harold completar [Harold enters 'Harold' into Ingreso el nombre, Harold enters 'Altamiranda' into Ingreso el apellido, Harold enters 'harold29as@gmail.com' into Ingreso el correo , Harold enters '1052942912' into Ingreso # CC, Harold enters '3004639870' into Ingreso # Celular]]
[Test worker] WARN net.thucydides.core.steps.BaseStepListener - stepFinished: current outcome:Simular la compra de un producto:Dado que estoy en la pagina falabella [Harold abrir pagina falabella [Harold opens the Falabella page]], Cuando selecciono una categoria y subcategoria [Harold seleccionar [Harold clicks on Selecciona el boton Categorias, Harold clicks on Selecciona el boton SubCategorias, Harold clicks on Selecciona el boton del menu de SubCategorias]], Y selecciono un producto de esa categoria [Harold escoger [Harold clicks on Selecciona el producto, Harold clicks on Selecciona el boton agregar a la bolsa, Harold clicks on Selecciona el boton bolsa de compra, Harold clicks on Selecciona el boton ir a comprar]], Y diligencio los formularios opciones de despacho
| direccion | barrio |
| Cra 36 # 34 - 89 | Buenos Aires | [Harold diligenciar [Harold clicks on Selecciona el boton REGION, Harold clicks on Selecciona el departamento, Harold clicks on Selecciona el boton ciudad, Harold clicks on Selecciona la ciudad, Harold clicks on Selecciona la comuna, Harold clicks on Selecciona la comuna, Harold clicks on Selecciona boton continuar, Harold enters 'Cra 36 # 34 - 89' into Digito la direccion, Harold enters 'Buenos Aires' into DIgito el apartamento, Harold clicks on DIgito el apartamento, Harold clicks on Selecciona el boton continuar]], Y escojo el medio de pago tarjeta de credito [Harold elegir [Harold clicks on Selecciona la opcion otras tarjetas de credito, Harold clicks on Selecciono el boton continuar con el medio de pago seleccionado]], Y diligencio el formulario de tarjeta
| nombreTarjeta | numeroTarjeta | codigoCVV |
| harold altamiranda | 5452986875735484 | 206 | [Harold rellenar [Harold enters 'harold altamiranda' into Digito el nombre de la tarjeta, Harold enters '5452986875735484' into Digito el numero de la tarjeta, Harold enters '206' into Digito el codigo cvv de la tarjeta, Harold clicks on Selecciono la opcion mes, Harold clicks on Selecciono el mes, Harold clicks on Selecciono la opcion anio, Harold clicks on Selecciono el anio, Harold clicks on Selecciono el boton usar esta tarjeta]], Y diligencio el formulario de datos personales
| nombre | apellido | correo | cedula | celular |
| Harold | Altamiranda | harold29as@gmail.com | 1052942912 | 3004639870 | [Harold completar [Harold enters 'Harold' into Ingreso el nombre, Harold enters 'Altamiranda' into Ingreso el apellido, Harold enters 'harold29as@gmail.com' into Ingreso el correo , Harold enters '1052942912' into Ingreso # CC, Harold enters '3004639870' into Ingreso # Celular]]
[Test worker] WARN net.thucydides.core.steps.BaseStepListener - stepStarted: net.thucydides.core.steps.ExecutedStepDescription@37ab08a5
[Test worker] WARN net.thucydides.core.steps.BaseStepListener - stepStarted: net.thucydides.core.steps.ExecutedStepDescription@e3d8188
[Test worker] WARN net.thucydides.core.steps.BaseStepListener - stepFinished: current outcome:Simular la compra de un producto:Dado que estoy en la pagina falabella [Harold abrir pagina falabella [Harold opens the Falabella page]], Cuando selecciono una categoria y subcategoria [Harold seleccionar [Harold clicks on Selecciona el boton Categorias, Harold clicks on Selecciona el boton SubCategorias, Harold clicks on Selecciona el boton del menu de SubCategorias]], Y selecciono un producto de esa categoria [Harold escoger [Harold clicks on Selecciona el producto, Harold clicks on Selecciona el boton agregar a la bolsa, Harold clicks on Selecciona el boton bolsa de compra, Harold clicks on Selecciona el boton ir a comprar]], Y diligencio los formularios opciones de despacho
| direccion | barrio |
| Cra 36 # 34 - 89 | Buenos Aires | [Harold diligenciar [Harold clicks on Selecciona el boton REGION, Harold clicks on Selecciona el departamento, Harold clicks on Selecciona el boton ciudad, Harold clicks on Selecciona la ciudad, Harold clicks on Selecciona la comuna, Harold clicks on Selecciona la comuna, Harold clicks on Selecciona boton continuar, Harold enters 'Cra 36 # 34 - 89' into Digito la direccion, Harold enters 'Buenos Aires' into DIgito el apartamento, Harold clicks on DIgito el apartamento, Harold clicks on Selecciona el boton continuar]], Y escojo el medio de pago tarjeta de credito [Harold elegir [Harold clicks on Selecciona la opcion otras tarjetas de credito, Harold clicks on Selecciono el boton continuar con el medio de pago seleccionado]], Y diligencio el formulario de tarjeta
| nombreTarjeta | numeroTarjeta | codigoCVV |
| harold altamiranda | 5452986875735484 | 206 | [Harold rellenar [Harold enters 'harold altamiranda' into Digito el nombre de la tarjeta, Harold enters '5452986875735484' into Digito el numero de la tarjeta, Harold enters '206' into Digito el codigo cvv de la tarjeta, Harold clicks on Selecciono la opcion mes, Harold clicks on Selecciono el mes, Harold clicks on Selecciono la opcion anio, Harold clicks on Selecciono el anio, Harold clicks on Selecciono el boton usar esta tarjeta]], Y diligencio el formulario de datos personales
| nombre | apellido | correo | cedula | celular |
| Harold | Altamiranda | harold29as@gmail.com | 1052942912 | 3004639870 | [Harold completar [Harold enters 'Harold' into Ingreso el nombre, Harold enters 'Altamiranda' into Ingreso el apellido, Harold enters 'harold29as@gmail.com' into Ingreso el correo , Harold enters '1052942912' into Ingreso # CC, Harold enters '3004639870' into Ingreso # Celular]], Entonces valido que el mensaje modal tenga el siguiente valor "INGRESAR TU ORDEN" [Then validacion]
[Test worker] WARN net.thucydides.core.steps.BaseStepListener - stepFinished: current outcome:Simular la compra de un producto:Dado que estoy en la pagina falabella [Harold abrir pagina falabella [Harold opens the Falabella page]], Cuando selecciono una categoria y subcategoria [Harold seleccionar [Harold clicks on Selecciona el boton Categorias, Harold clicks on Selecciona el boton SubCategorias, Harold clicks on Selecciona el boton del menu de SubCategorias]], Y selecciono un producto de esa categoria [Harold escoger [Harold clicks on Selecciona el producto, Harold clicks on Selecciona el boton agregar a la bolsa, Harold clicks on Selecciona el boton bolsa de compra, Harold clicks on Selecciona el boton ir a comprar]], Y diligencio los formularios opciones de despacho
| direccion | barrio |
| Cra 36 # 34 - 89 | Buenos Aires | [Harold diligenciar [Harold clicks on Selecciona el boton REGION, Harold clicks on Selecciona el departamento, Harold clicks on Selecciona el boton ciudad, Harold clicks on Selecciona la ciudad, Harold clicks on Selecciona la comuna, Harold clicks on Selecciona la comuna, Harold clicks on Selecciona boton continuar, Harold enters 'Cra 36 # 34 - 89' into Digito la direccion, Harold enters 'Buenos Aires' into DIgito el apartamento, Harold clicks on DIgito el apartamento, Harold clicks on Selecciona el boton continuar]], Y escojo el medio de pago tarjeta de credito [Harold elegir [Harold clicks on Selecciona la opcion otras tarjetas de credito, Harold clicks on Selecciono el boton continuar con el medio de pago seleccionado]], Y diligencio el formulario de tarjeta
| nombreTarjeta | numeroTarjeta | codigoCVV |
| harold altamiranda | 5452986875735484 | 206 | [Harold rellenar [Harold enters 'harold altamiranda' into Digito el nombre de la tarjeta, Harold enters '5452986875735484' into Digito el numero de la tarjeta, Harold enters '206' into Digito el codigo cvv de la tarjeta, Harold clicks on Selecciono la opcion mes, Harold clicks on Selecciono el mes, Harold clicks on Selecciono la opcion anio, Harold clicks on Selecciono el anio, Harold clicks on Selecciono el boton usar esta tarjeta]], Y diligencio el formulario de datos personales
| nombre | apellido | correo | cedula | celular |
| Harold | Altamiranda | harold29as@gmail.com | 1052942912 | 3004639870 | [Harold completar [Harold enters 'Harold' into Ingreso el nombre, Harold enters 'Altamiranda' into Ingreso el apellido, Harold enters 'harold29as@gmail.com' into Ingreso el correo , Harold enters '1052942912' into Ingreso # CC, Harold enters '3004639870' into Ingreso # Celular]], Entonces valido que el mensaje modal tenga el siguiente valor "INGRESAR TU ORDEN" [Then validacion]
[Test worker] WARN net.thucydides.core.steps.BaseStepListener - testFinished: Simular la compra de un producto:Dado que estoy en la pagina falabella [Harold abrir pagina falabella [Harold opens the Falabella page]], Cuando selecciono una categoria y subcategoria [Harold seleccionar [Harold clicks on Selecciona el boton Categorias, Harold clicks on Selecciona el boton SubCategorias, Harold clicks on Selecciona el boton del menu de SubCategorias]], Y selecciono un producto de esa categoria [Harold escoger [Harold clicks on Selecciona el producto, Harold clicks on Selecciona el boton agregar a la bolsa, Harold clicks on Selecciona el boton bolsa de compra, Harold clicks on Selecciona el boton ir a comprar]], Y diligencio los formularios opciones de despacho
| direccion | barrio |
| Cra 36 # 34 - 89 | Buenos Aires | [Harold diligenciar [Harold clicks on Selecciona el boton REGION, Harold clicks on Selecciona el departamento, Harold clicks on Selecciona el boton ciudad, Harold clicks on Selecciona la ciudad, Harold clicks on Selecciona la comuna, Harold clicks on Selecciona la comuna, Harold clicks on Selecciona boton continuar, Harold enters 'Cra 36 # 34 - 89' into Digito la direccion, Harold enters 'Buenos Aires' into DIgito el apartamento, Harold clicks on DIgito el apartamento, Harold clicks on Selecciona el boton continuar]], Y escojo el medio de pago tarjeta de credito [Harold elegir [Harold clicks on Selecciona la opcion otras tarjetas de credito, Harold clicks on Selecciono el boton continuar con el medio de pago seleccionado]], Y diligencio el formulario de tarjeta
| nombreTarjeta | numeroTarjeta | codigoCVV |
| harold altamiranda | 5452986875735484 | 206 | [Harold rellenar [Harold enters 'harold altamiranda' into Digito el nombre de la tarjeta, Harold enters '5452986875735484' into Digito el numero de la tarjeta, Harold enters '206' into Digito el codigo cvv de la tarjeta, Harold clicks on Selecciono la opcion mes, Harold clicks on Selecciono el mes, Harold clicks on Selecciono la opcion anio, Harold clicks on Selecciono el anio, Harold clicks on Selecciono el boton usar esta tarjeta]], Y diligencio el formulario de datos personales
| nombre | apellido | correo | cedula | celular |
| Harold | Altamiranda | harold29as@gmail.com | 1052942912 | 3004639870 | [Harold completar [Harold enters 'Harold' into Ingreso el nombre, Harold enters 'Altamiranda' into Ingreso el apellido, Harold enters 'harold29as@gmail.com' into Ingreso el correo , Harold enters '1052942912' into Ingreso # CC, Harold enters '3004639870' into Ingreso # Celular]], Entonces valido que el mensaje modal tenga el siguiente valor "INGRESAR TU ORDEN" [Then validacion]
[Test worker] WARN net.thucydides.core.steps.BaseStepListener - TestOutcomes: [Simular la compra de un producto:Dado que estoy en la pagina falabella [Harold abrir pagina falabella [Harold opens the Falabella page]], Cuando selecciono una categoria y subcategoria [Harold seleccionar [Harold clicks on Selecciona el boton Categorias, Harold clicks on Selecciona el boton SubCategorias, Harold clicks on Selecciona el boton del menu de SubCategorias]], Y selecciono un producto de esa categoria [Harold escoger [Harold clicks on Selecciona el producto, Harold clicks on Selecciona el boton agregar a la bolsa, Harold clicks on Selecciona el boton bolsa de compra, Harold clicks on Selecciona el boton ir a comprar]], Y diligencio los formularios opciones de despacho
| direccion | barrio |
| Cra 36 # 34 - 89 | Buenos Aires | [Harold diligenciar [Harold clicks on Selecciona el boton REGION, Harold clicks on Selecciona el departamento, Harold clicks on Selecciona el boton ciudad, Harold clicks on Selecciona la ciudad, Harold clicks on Selecciona la comuna, Harold clicks on Selecciona la comuna, Harold clicks on Selecciona boton continuar, Harold enters 'Cra 36 # 34 - 89' into Digito la direccion, Harold enters 'Buenos Aires' into DIgito el apartamento, Harold clicks on DIgito el apartamento, Harold clicks on Selecciona el boton continuar]], Y escojo el medio de pago tarjeta de credito [Harold elegir [Harold clicks on Selecciona la opcion otras tarjetas de credito, Harold clicks on Selecciono el boton continuar con el medio de pago seleccionado]], Y diligencio el formulario de tarjeta
| nombreTarjeta | numeroTarjeta | codigoCVV |
| harold altamiranda | 5452986875735484 | 206 | [Harold rellenar [Harold enters 'harold altamiranda' into Digito el nombre de la tarjeta, Harold enters '5452986875735484' into Digito el numero de la tarjeta, Harold enters '206' into Digito el codigo cvv de la tarjeta, Harold clicks on Selecciono la opcion mes, Harold clicks on Selecciono el mes, Harold clicks on Selecciono la opcion anio, Harold clicks on Selecciono el anio, Harold clicks on Selecciono el boton usar esta tarjeta]], Y diligencio el formulario de datos personales
| nombre | apellido | correo | cedula | celular |
| Harold | Altamiranda | harold29as@gmail.com | 1052942912 | 3004639870 | [Harold completar [Harold enters 'Harold' into Ingreso el nombre, Harold enters 'Altamiranda' into Ingreso el apellido, Harold enters 'harold29as@gmail.com' into Ingreso el correo , Harold enters '1052942912' into Ingreso # CC, Harold enters '3004639870' into Ingreso # Celular]], Entonces valido que el mensaje modal tenga el siguiente valor "INGRESAR TU ORDEN" [Then validacion]]
[Test worker] WARN net.thucydides.core.steps.BaseStepListener - Final testOutcomes: [Simular la compra de un producto:Dado que estoy en la pagina falabella [Harold abrir pagina falabella [Harold opens the Falabella page]], Cuando selecciono una categoria y subcategoria [Harold seleccionar [Harold clicks on Selecciona el boton Categorias, Harold clicks on Selecciona el boton SubCategorias, Harold clicks on Selecciona el boton del menu de SubCategorias]], Y selecciono un producto de esa categoria [Harold escoger [Harold clicks on Selecciona el producto, Harold clicks on Selecciona el boton agregar a la bolsa, Harold clicks on Selecciona el boton bolsa de compra, Harold clicks on Selecciona el boton ir a comprar]], Y diligencio los formularios opciones de despacho
| direccion | barrio |
| Cra 36 # 34 - 89 | Buenos Aires | [Harold diligenciar [Harold clicks on Selecciona el boton REGION, Harold clicks on Selecciona el departamento, Harold clicks on Selecciona el boton ciudad, Harold clicks on Selecciona la ciudad, Harold clicks on Selecciona la comuna, Harold clicks on Selecciona la comuna, Harold clicks on Selecciona boton continuar, Harold enters 'Cra 36 # 34 - 89' into Digito la direccion, Harold enters 'Buenos Aires' into DIgito el apartamento, Harold clicks on DIgito el apartamento, Harold clicks on Selecciona el boton continuar]], Y escojo el medio de pago tarjeta de credito [Harold elegir [Harold clicks on Selecciona la opcion otras tarjetas de credito, Harold clicks on Selecciono el boton continuar con el medio de pago seleccionado]], Y diligencio el formulario de tarjeta
| nombreTarjeta | numeroTarjeta | codigoCVV |
| harold altamiranda | 5452986875735484 | 206 | [Harold rellenar [Harold enters 'harold altamiranda' into Digito el nombre de la tarjeta, Harold enters '5452986875735484' into Digito el numero de la tarjeta, Harold enters '206' into Digito el codigo cvv de la tarjeta, Harold clicks on Selecciono la opcion mes, Harold clicks on Selecciono el mes, Harold clicks on Selecciono la opcion anio, Harold clicks on Selecciono el anio, Harold clicks on Selecciono el boton usar esta tarjeta]], Y diligencio el formulario de datos personales
| nombre | apellido | correo | cedula | celular |
| Harold | Altamiranda | harold29as@gmail.com | 1052942912 | 3004639870 | [Harold completar [Harold enters 'Harold' into Ingreso el nombre, Harold enters 'Altamiranda' into Ingreso el apellido, Harold enters 'harold29as@gmail.com' into Ingreso el correo , Harold enters '1052942912' into Ingreso # CC, Harold enters '3004639870' into Ingreso # Celular]], Entonces valido que el mensaje modal tenga el siguiente valor "INGRESAR TU ORDEN" [Then validacion]]
[Test worker] INFO net.thucydides.core.steps.ConsoleLoggingListener - 
        __    _____ _____ ____ _____   ____   _    ____  ____  _____ ____  
  _     \ \  |_   _| ____/ ___|_   _| |  _ \ / \  / ___|/ ___|| ____|  _ \ 
 (_)_____| |   | | |  _| \___ \ | |   | |_) / _ \ \___ \\___ \|  _| | | | |
  _|_____| |   | | | |___ ___) || |   |  __/ ___ \ ___) |___) | |___| |_| |
 (_)     | |   |_| |_____|____/ |_|   |_| /_/   \_\____/|____/|_____|____/ 
        /_/                                                                

TEST PASSED: Simular la compra de un producto
----------------------------------------------------------------------------
]]></system-err>
</testsuite>
